<?xml version="1.0" encoding="UTF-8"?>
<!-- Generated by org.testng.reporters.JUnitReportReporter -->
<testsuite hostname="DESKTOP-8D6P142" failures="0" tests="4" name="My_Test_n" time="18.069" errors="0" timestamp="2024-12-16T09:29:51 AST" skipped="3">
  <testcase classname="My_Test_n" name="AddItemToThecart" time="18.069"/>
  <system-out/>
  <testcase classname="My_Test_n" name="Login">
    <skipped/>
  </testcase> <!-- Login -->
  <system-out/>
  <testcase classname="My_Test_n" name="signUp">
    <skipped/>
  </testcase> <!-- signUp -->
  <system-out/>
  <testcase classname="My_Test_n" name="Logout">
    <skipped/>
  </testcase> <!-- Logout -->
  <system-out/>
</testsuite> <!-- My_Test_n -->
